[2025-08-09 09:43:32,650: INFO: main: Welcome to cnnClassifier]
[2025-08-09 10:53:59,406: INFO: common: yaml file: config\config.yaml loaded successfully]
[2025-08-09 10:53:59,440: INFO: common: yaml file: params.yaml loaded successfully]
[2025-08-09 10:53:59,784: INFO: common: created directory at: artifacts]
[2025-08-09 10:53:59,784: INFO: common: created directory at: artifacts/data_ingestion]
[2025-08-09 10:53:59,792: INFO: 1983665874: Downloading data from https://drive.google.com/file/d/1gpoyNEOCurZmX9rxk7zzeTnA9Ft3gSl5/view?usp=sharing into file artifacts/data_ingestion/data.zip]
[2025-08-09 10:54:25,126: INFO: 1983665874: Downloaded data from https://drive.google.com/file/d/1gpoyNEOCurZmX9rxk7zzeTnA9Ft3gSl5/view?usp=sharing into file artifacts/data_ingestion/data.zip]
[2025-08-09 11:06:26,938: INFO: main: >>>>>> stage Data Ingestion stage started <<<<<<]
[2025-08-09 11:06:26,938: INFO: common: yaml file: config\config.yaml loaded successfully]
[2025-08-09 11:06:26,938: INFO: common: yaml file: params.yaml loaded successfully]
[2025-08-09 11:06:26,938: INFO: common: created directory at: artifacts]
[2025-08-09 11:06:26,938: INFO: common: created directory at: artifacts/data_ingestion]
[2025-08-09 11:06:26,938: INFO: data_ingestion: Downloading data from https://drive.google.com/file/d/1gpoyNEOCurZmX9rxk7zzeTnA9Ft3gSl5/view?usp=sharing into file artifacts/data_ingestion/data.zip]
[2025-08-09 11:06:38,996: INFO: data_ingestion: Downloaded data from https://drive.google.com/file/d/1gpoyNEOCurZmX9rxk7zzeTnA9Ft3gSl5/view?usp=sharing into file artifacts/data_ingestion/data.zip]
[2025-08-09 11:06:39,563: INFO: main: >>>>>> stage Data Ingestion stage completed <<<<<<

x==========x]
[2025-08-09 13:23:15,944: INFO: common: yaml file: config\config.yaml loaded successfully]
[2025-08-09 13:23:16,330: INFO: common: yaml file: params.yaml loaded successfully]
[2025-08-09 13:23:16,341: INFO: common: created directory at: artifacts]
[2025-08-09 13:23:16,346: INFO: common: created directory at: artifacts/prepare_base_model]
[2025-08-09 13:23:33,071: WARNING: saving_api: You are saving your model as an HDF5 file via `model.save()` or `keras.saving.save_model(model)`. This file format is considered legacy. We recommend using instead the native Keras format, e.g. `model.save('my_model.keras')` or `keras.saving.save_model(model, 'my_model.keras')`. ]
[2025-08-09 13:23:33,816: WARNING: saving_api: You are saving your model as an HDF5 file via `model.save()` or `keras.saving.save_model(model)`. This file format is considered legacy. We recommend using instead the native Keras format, e.g. `model.save('my_model.keras')` or `keras.saving.save_model(model, 'my_model.keras')`. ]
[2025-08-09 13:34:32,374: INFO: main: >>>>>> stage Data Ingestion stage started <<<<<<]
[2025-08-09 13:34:32,374: INFO: common: yaml file: config\config.yaml loaded successfully]
[2025-08-09 13:34:32,374: INFO: common: yaml file: params.yaml loaded successfully]
[2025-08-09 13:34:32,374: INFO: common: created directory at: artifacts]
[2025-08-09 13:34:32,374: INFO: common: created directory at: artifacts/data_ingestion]
[2025-08-09 13:34:32,374: INFO: data_ingestion: Downloading data from https://drive.google.com/file/d/1gpoyNEOCurZmX9rxk7zzeTnA9Ft3gSl5/view?usp=sharing into file artifacts/data_ingestion/data.zip]
[2025-08-09 13:34:45,513: INFO: data_ingestion: Downloaded data from https://drive.google.com/file/d/1gpoyNEOCurZmX9rxk7zzeTnA9Ft3gSl5/view?usp=sharing into file artifacts/data_ingestion/data.zip]
[2025-08-09 13:34:46,214: INFO: main: >>>>>> stage Data Ingestion stage completed <<<<<<

x==========x]
[2025-08-09 13:34:46,214: INFO: main: *******************]
[2025-08-09 13:34:46,215: INFO: main: >>>>>> stage Prepare base model started <<<<<<]
[2025-08-09 13:34:46,218: INFO: common: yaml file: config\config.yaml loaded successfully]
[2025-08-09 13:34:46,220: INFO: common: yaml file: params.yaml loaded successfully]
[2025-08-09 13:34:46,220: INFO: common: created directory at: artifacts]
[2025-08-09 13:34:46,220: ERROR: main: 'ConfigurationManager' object has no attribute 'get_prepare_base_model_config']
Traceback (most recent call last):
  File "C:\Users\hp\Desktop\Chest Cancer Classification\main.py", line 27, in <module>
    obj.main()
  File "c:\users\hp\desktop\chest cancer classification\src\cnnClassifier\pipeline\stage_02_prepare_base_model.py", line 16, in main
    prepare_base_model_config = config.get_prepare_base_model_config()
AttributeError: 'ConfigurationManager' object has no attribute 'get_prepare_base_model_config'
[2025-08-09 13:39:37,331: INFO: main: >>>>>> stage Data Ingestion stage started <<<<<<]
[2025-08-09 13:39:37,331: INFO: common: yaml file: config\config.yaml loaded successfully]
[2025-08-09 13:39:37,331: INFO: common: yaml file: params.yaml loaded successfully]
[2025-08-09 13:39:37,331: INFO: common: created directory at: artifacts]
[2025-08-09 13:39:37,331: INFO: common: created directory at: artifacts/data_ingestion]
[2025-08-09 13:39:37,331: INFO: data_ingestion: Downloading data from https://drive.google.com/file/d/1gpoyNEOCurZmX9rxk7zzeTnA9Ft3gSl5/view?usp=sharing into file artifacts/data_ingestion/data.zip]
[2025-08-09 13:39:49,186: INFO: data_ingestion: Downloaded data from https://drive.google.com/file/d/1gpoyNEOCurZmX9rxk7zzeTnA9Ft3gSl5/view?usp=sharing into file artifacts/data_ingestion/data.zip]
[2025-08-09 13:39:49,812: INFO: main: >>>>>> stage Data Ingestion stage completed <<<<<<

x==========x]
[2025-08-09 13:39:49,812: INFO: main: *******************]
[2025-08-09 13:39:49,812: INFO: main: >>>>>> stage Prepare base model started <<<<<<]
[2025-08-09 13:39:49,812: INFO: common: yaml file: config\config.yaml loaded successfully]
[2025-08-09 13:39:49,825: INFO: common: yaml file: params.yaml loaded successfully]
[2025-08-09 13:39:49,826: INFO: common: created directory at: artifacts]
[2025-08-09 13:39:49,827: INFO: common: created directory at: artifacts/prepare_base_model]
[2025-08-09 13:39:50,582: WARNING: saving_api: You are saving your model as an HDF5 file via `model.save()` or `keras.saving.save_model(model)`. This file format is considered legacy. We recommend using instead the native Keras format, e.g. `model.save('my_model.keras')` or `keras.saving.save_model(model, 'my_model.keras')`. ]
[2025-08-09 13:39:51,176: WARNING: saving_api: You are saving your model as an HDF5 file via `model.save()` or `keras.saving.save_model(model)`. This file format is considered legacy. We recommend using instead the native Keras format, e.g. `model.save('my_model.keras')` or `keras.saving.save_model(model, 'my_model.keras')`. ]
[2025-08-09 13:39:51,827: INFO: main: >>>>>> stage Prepare base model completed <<<<<<

x==========x]
[2025-08-09 13:51:10,863: INFO: common: yaml file: config\config.yaml loaded successfully]
[2025-08-09 13:51:10,990: INFO: common: yaml file: params.yaml loaded successfully]
[2025-08-09 13:51:11,020: INFO: common: created directory at: artifacts]
[2025-08-09 13:51:11,023: INFO: common: created directory at: artifacts\training]
[2025-08-09 13:51:13,874: WARNING: saving_utils: Compiled the loaded model, but the compiled metrics have yet to be built. `model.compile_metrics` will be empty until you train or evaluate the model.]
[2025-08-09 13:52:33,325: INFO: common: yaml file: config\config.yaml loaded successfully]
[2025-08-09 13:52:33,334: INFO: common: yaml file: params.yaml loaded successfully]
[2025-08-09 13:52:33,337: INFO: common: created directory at: artifacts]
[2025-08-09 13:52:33,340: INFO: common: created directory at: artifacts\training]
[2025-08-09 13:52:33,893: WARNING: saving_utils: Compiled the loaded model, but the compiled metrics have yet to be built. `model.compile_metrics` will be empty until you train or evaluate the model.]
[2025-08-09 13:54:38,579: WARNING: module_wrapper: From C:\Users\hp\AppData\Local\Temp\ipykernel_10984\1373659810.py:6: The name tf.enable_eager_execution is deprecated. Please use tf.compat.v1.enable_eager_execution instead.
]
[2025-08-09 13:54:38,651: INFO: common: yaml file: config\config.yaml loaded successfully]
[2025-08-09 13:54:38,654: INFO: common: yaml file: params.yaml loaded successfully]
[2025-08-09 13:54:38,659: INFO: common: created directory at: artifacts]
[2025-08-09 13:54:38,664: INFO: common: created directory at: artifacts\training]
[2025-08-09 13:54:39,121: WARNING: saving_utils: Compiled the loaded model, but the compiled metrics have yet to be built. `model.compile_metrics` will be empty until you train or evaluate the model.]
[2025-08-09 13:57:28,076: INFO: common: yaml file: config\config.yaml loaded successfully]
[2025-08-09 13:57:28,141: INFO: common: yaml file: params.yaml loaded successfully]
[2025-08-09 13:57:28,175: INFO: common: created directory at: artifacts]
[2025-08-09 13:57:28,207: INFO: common: created directory at: artifacts\training]
[2025-08-09 13:57:29,764: WARNING: saving_utils: Compiled the loaded model, but the compiled metrics have yet to be built. `model.compile_metrics` will be empty until you train or evaluate the model.]
[2025-08-09 13:59:16,834: INFO: common: yaml file: config\config.yaml loaded successfully]
[2025-08-09 13:59:16,834: INFO: common: yaml file: params.yaml loaded successfully]
[2025-08-09 13:59:16,834: INFO: common: created directory at: artifacts]
[2025-08-09 13:59:16,834: INFO: common: created directory at: artifacts\training]
[2025-08-09 13:59:17,610: WARNING: saving_utils: Compiled the loaded model, but the compiled metrics have yet to be built. `model.compile_metrics` will be empty until you train or evaluate the model.]
[2025-08-09 14:45:34,977: INFO: common: yaml file: config\config.yaml loaded successfully]
[2025-08-09 14:45:34,984: INFO: common: yaml file: params.yaml loaded successfully]
[2025-08-09 14:45:34,987: INFO: common: created directory at: artifacts]
[2025-08-09 14:45:34,990: INFO: common: created directory at: artifacts\training]
[2025-08-09 14:45:35,691: WARNING: saving_utils: Compiled the loaded model, but the compiled metrics have yet to be built. `model.compile_metrics` will be empty until you train or evaluate the model.]
[2025-08-09 14:48:53,356: INFO: common: yaml file: config\config.yaml loaded successfully]
[2025-08-09 14:48:53,363: INFO: common: yaml file: params.yaml loaded successfully]
[2025-08-09 14:48:53,365: INFO: common: created directory at: artifacts]
[2025-08-09 14:48:53,367: INFO: common: created directory at: artifacts\training]
[2025-08-09 14:48:53,863: WARNING: saving_utils: Compiled the loaded model, but the compiled metrics have yet to be built. `model.compile_metrics` will be empty until you train or evaluate the model.]
[2025-08-09 14:50:24,645: INFO: common: yaml file: config\config.yaml loaded successfully]
[2025-08-09 14:50:24,651: INFO: common: yaml file: params.yaml loaded successfully]
[2025-08-09 14:50:24,654: INFO: common: created directory at: artifacts]
[2025-08-09 14:50:24,656: INFO: common: created directory at: artifacts\training]
[2025-08-09 14:50:25,137: WARNING: saving_utils: Compiled the loaded model, but the compiled metrics have yet to be built. `model.compile_metrics` will be empty until you train or evaluate the model.]
[2025-08-09 14:51:59,268: INFO: common: yaml file: config\config.yaml loaded successfully]
[2025-08-09 14:51:59,271: INFO: common: yaml file: params.yaml loaded successfully]
[2025-08-09 14:51:59,272: INFO: common: created directory at: artifacts]
[2025-08-09 14:51:59,276: INFO: common: created directory at: artifacts\training]
[2025-08-09 14:51:59,724: WARNING: saving_utils: Compiled the loaded model, but the compiled metrics have yet to be built. `model.compile_metrics` will be empty until you train or evaluate the model.]
[2025-08-09 15:01:20,017: INFO: common: yaml file: config\config.yaml loaded successfully]
[2025-08-09 15:01:20,017: INFO: common: yaml file: params.yaml loaded successfully]
[2025-08-09 15:01:20,043: INFO: common: created directory at: artifacts]
[2025-08-09 15:01:20,048: INFO: common: created directory at: artifacts\training]
[2025-08-09 15:01:24,244: WARNING: saving_utils: Compiled the loaded model, but the compiled metrics have yet to be built. `model.compile_metrics` will be empty until you train or evaluate the model.]
[2025-08-09 15:01:31,377: INFO: common: yaml file: config\config.yaml loaded successfully]
[2025-08-09 15:01:31,384: INFO: common: yaml file: params.yaml loaded successfully]
[2025-08-09 15:01:31,386: INFO: common: created directory at: artifacts]
[2025-08-09 15:01:31,389: INFO: common: created directory at: artifacts\training]
[2025-08-09 15:01:31,822: WARNING: saving_utils: Compiled the loaded model, but the compiled metrics have yet to be built. `model.compile_metrics` will be empty until you train or evaluate the model.]
[2025-08-09 15:02:30,896: INFO: common: yaml file: config\config.yaml loaded successfully]
[2025-08-09 15:02:30,902: INFO: common: yaml file: params.yaml loaded successfully]
[2025-08-09 15:02:30,904: INFO: common: created directory at: artifacts]
[2025-08-09 15:02:30,906: INFO: common: created directory at: artifacts\training]
[2025-08-09 15:02:31,243: WARNING: saving_utils: Compiled the loaded model, but the compiled metrics have yet to be built. `model.compile_metrics` will be empty until you train or evaluate the model.]
[2025-08-09 15:09:22,933: WARNING: saving_api: You are saving your model as an HDF5 file via `model.save()` or `keras.saving.save_model(model)`. This file format is considered legacy. We recommend using instead the native Keras format, e.g. `model.save('my_model.keras')` or `keras.saving.save_model(model, 'my_model.keras')`. ]
[2025-08-09 15:13:58,659: INFO: common: yaml file: config\config.yaml loaded successfully]
[2025-08-09 15:13:58,681: INFO: common: yaml file: params.yaml loaded successfully]
[2025-08-09 15:13:58,695: INFO: common: created directory at: artifacts]
[2025-08-09 15:13:58,697: INFO: common: created directory at: artifacts\training]
[2025-08-09 15:15:47,360: INFO: common: yaml file: config\config.yaml loaded successfully]
[2025-08-09 15:15:47,363: INFO: common: yaml file: params.yaml loaded successfully]
[2025-08-09 15:15:47,365: INFO: common: created directory at: artifacts]
[2025-08-09 15:15:47,370: INFO: common: created directory at: artifacts\training]
[2025-08-09 15:15:49,518: WARNING: saving_utils: Compiled the loaded model, but the compiled metrics have yet to be built. `model.compile_metrics` will be empty until you train or evaluate the model.]
[2025-08-09 15:23:03,756: WARNING: saving_api: You are saving your model as an HDF5 file via `model.save()` or `keras.saving.save_model(model)`. This file format is considered legacy. We recommend using instead the native Keras format, e.g. `model.save('my_model.keras')` or `keras.saving.save_model(model, 'my_model.keras')`. ]
[2025-08-09 16:03:52,813: INFO: main: >>>>>> stage Data Ingestion stage started <<<<<<]
[2025-08-09 16:03:52,813: INFO: common: yaml file: config\config.yaml loaded successfully]
[2025-08-09 16:03:52,862: INFO: common: yaml file: params.yaml loaded successfully]
[2025-08-09 16:03:52,912: INFO: common: created directory at: artifacts]
[2025-08-09 16:03:52,912: INFO: common: created directory at: artifacts/data_ingestion]
[2025-08-09 16:03:52,915: INFO: data_ingestion: Downloading data from https://drive.google.com/file/d/1gpoyNEOCurZmX9rxk7zzeTnA9Ft3gSl5/view?usp=sharing into file artifacts/data_ingestion/data.zip]
[2025-08-09 16:04:06,826: INFO: data_ingestion: Downloaded data from https://drive.google.com/file/d/1gpoyNEOCurZmX9rxk7zzeTnA9Ft3gSl5/view?usp=sharing into file artifacts/data_ingestion/data.zip]
[2025-08-09 16:04:07,554: INFO: main: >>>>>> stage Data Ingestion stage completed <<<<<<

x==========x]
[2025-08-09 16:04:07,554: INFO: main: *******************]
[2025-08-09 16:04:07,554: INFO: main: >>>>>> stage Prepare base model started <<<<<<]
[2025-08-09 16:04:07,554: INFO: common: yaml file: config\config.yaml loaded successfully]
[2025-08-09 16:04:07,554: INFO: common: yaml file: params.yaml loaded successfully]
[2025-08-09 16:04:07,554: INFO: common: created directory at: artifacts]
[2025-08-09 16:04:07,554: INFO: common: created directory at: artifacts/prepare_base_model]
[2025-08-09 16:04:08,976: WARNING: saving_api: You are saving your model as an HDF5 file via `model.save()` or `keras.saving.save_model(model)`. This file format is considered legacy. We recommend using instead the native Keras format, e.g. `model.save('my_model.keras')` or `keras.saving.save_model(model, 'my_model.keras')`. ]
[2025-08-09 16:04:09,216: WARNING: saving_api: You are saving your model as an HDF5 file via `model.save()` or `keras.saving.save_model(model)`. This file format is considered legacy. We recommend using instead the native Keras format, e.g. `model.save('my_model.keras')` or `keras.saving.save_model(model, 'my_model.keras')`. ]
[2025-08-09 16:04:09,401: INFO: main: >>>>>> stage Prepare base model completed <<<<<<

x==========x]
[2025-08-09 16:04:09,401: INFO: main: *******************]
[2025-08-09 16:04:09,401: INFO: main: >>>>>> stage Training started <<<<<<]
[2025-08-09 16:04:09,417: INFO: common: yaml file: config\config.yaml loaded successfully]
[2025-08-09 16:04:09,425: INFO: common: yaml file: params.yaml loaded successfully]
[2025-08-09 16:04:09,426: INFO: common: created directory at: artifacts]
[2025-08-09 16:04:09,430: INFO: common: created directory at: artifacts\training]
[2025-08-09 16:04:09,685: WARNING: saving_utils: Compiled the loaded model, but the compiled metrics have yet to be built. `model.compile_metrics` will be empty until you train or evaluate the model.]
[2025-08-09 16:05:21,502: WARNING: saving_api: You are saving your model as an HDF5 file via `model.save()` or `keras.saving.save_model(model)`. This file format is considered legacy. We recommend using instead the native Keras format, e.g. `model.save('my_model.keras')` or `keras.saving.save_model(model, 'my_model.keras')`. ]
[2025-08-09 16:05:21,703: INFO: main: >>>>>> stage Training completed <<<<<<

x==========x]
